{
  "RSpec": {
    "coverage": {
      "/Users/syalc01/Documents/makers-academy /week-2/oyster_card_Chayya_Austin/spec/journey_spec.rb": [
        1,
        null,
        1,
        3,
        2,
        null,
        1,
        null,
        null,
        null,
        null,
        null,
        null,
        null,
        1,
        1,
        4,
        null,
        null,
        null,
        1,
        1,
        4,
        null,
        null,
        null,
        1,
        2,
        null,
        1,
        1,
        null,
        null,
        null
      ],
      "/Users/syalc01/Documents/makers-academy /week-2/oyster_card_Chayya_Austin/lib/journey.rb": [
        1,
        1,
        null,
        1,
        3,
        3,
        null,
        null,
        1,
        1,
        null,
        null,
        1,
        1,
        null,
        null
      ],
      "/Users/syalc01/Documents/makers-academy /week-2/oyster_card_Chayya_Austin/spec/oystercard_spec.rb": [
        1,
        1,
        13,
        9,
        6,
        null,
        1,
        1,
        4,
        null,
        null,
        null,
        1,
        1,
        1,
        1,
        2,
        null,
        null,
        1,
        1,
        null,
        null,
        null,
        1,
        1,
        1,
        2,
        2,
        null,
        null,
        1,
        1,
        null,
        null,
        1,
        1,
        null,
        null,
        null,
        1,
        2,
        null,
        null,
        1,
        1,
        1,
        1,
        1,
        null,
        null,
        null,
        1,
        1,
        1,
        2,
        2,
        2,
        null,
        1,
        1,
        null,
        null,
        1,
        1,
        null,
        null,
        null,
        1,
        1,
        1,
        1,
        null,
        1,
        4,
        null,
        null,
        null,
        1,
        2,
        null,
        1,
        1,
        null,
        null,
        1,
        1,
        1,
        1,
        1,
        null,
        null,
        1,
        1,
        null,
        null,
        null,
        null,
        null,
        null,
        null,
        null,
        null
      ],
      "/Users/syalc01/Documents/makers-academy /week-2/oyster_card_Chayya_Austin/lib/oystercard.rb": [
        1,
        1,
        null,
        1,
        1,
        1,
        null,
        1,
        12,
        12,
        null,
        null,
        1,
        10,
        9,
        null,
        null,
        1,
        2,
        null,
        null,
        1,
        8,
        7,
        null,
        null,
        1,
        5,
        5,
        5,
        5,
        null,
        null,
        1,
        null,
        1,
        5,
        5,
        null,
        null,
        1,
        8,
        null,
        null,
        1,
        5,
        null,
        null
      ],
      "/Users/syalc01/Documents/makers-academy /week-2/oyster_card_Chayya_Austin/spec/station_spec.rb": [
        1,
        null,
        1,
        3,
        null,
        1,
        1,
        null,
        null,
        1,
        1,
        null,
        null
      ],
      "/Users/syalc01/Documents/makers-academy /week-2/oyster_card_Chayya_Austin/lib/station.rb": [
        1,
        1,
        null,
        1,
        2,
        2,
        null,
        null,
        1,
        1,
        null,
        null
      ]
    },
    "timestamp": 1507297732
  }
}
